<?xml version="1.0" encoding="UTF-8"?>
<testng-results total="1" passed="1" failed="0" skipped="0">
  <reporter-output>
  </reporter-output>
  <suite started-at="2024-05-29T16:01:51Z" name="testng" finished-at="2024-05-29T16:02:18Z" duration-ms="26747">
    <groups>
    </groups>
    <test started-at="2024-05-29T16:01:51Z" name="Test" finished-at="2024-05-29T16:02:18Z" duration-ms="26747">
      <class name="OIG.automation.OIG_Demo.HistoryForm">
        <test-method is-config="true" signature="setUp()[pri:0, instance:OIG.automation.OIG_Demo.HistoryForm@35aea049]" started-at="2024-05-29T12:01:51Z" name="setUp" finished-at="2024-05-29T12:02:03Z" duration-ms="11182" status="PASS">
          <reporter-output>
          </reporter-output>
        </test-method> <!-- setUp -->
        <test-method signature="assetsLiabiltyTest()[pri:0, instance:OIG.automation.OIG_Demo.HistoryForm@35aea049]" started-at="2024-05-29T12:02:03Z" name="assetsLiabiltyTest" finished-at="2024-05-29T12:02:18Z" duration-ms="15140" status="PASS">
          <reporter-output>
          </reporter-output>
        </test-method> <!-- assetsLiabiltyTest -->
        <test-method is-config="true" signature="tearDown()[pri:0, instance:OIG.automation.OIG_Demo.HistoryForm@35aea049]" started-at="2024-05-29T12:02:18Z" name="tearDown" finished-at="2024-05-29T12:02:18Z" duration-ms="413" status="PASS">
          <reporter-output>
          </reporter-output>
        </test-method> <!-- tearDown -->
      </class> <!-- OIG.automation.OIG_Demo.HistoryForm -->
    </test> <!-- Test -->
  </suite> <!-- testng -->
</testng-results>
